[debug] [2025-06-18T18:05:54.363Z] ----------------------------------------------------------------------
[debug] [2025-06-18T18:05:54.370Z] Command:       C:\Program Files\nodejs\node.exe C:\Users\Muham\AppData\Roaming\npm\node_modules\firebase-tools\lib\bin\firebase.js init hosting
[debug] [2025-06-18T18:05:54.371Z] CLI Version:   14.7.0
[debug] [2025-06-18T18:05:54.371Z] Platform:      win32
[debug] [2025-06-18T18:05:54.372Z] Node Version:  v22.16.0
[debug] [2025-06-18T18:05:54.373Z] Time:          Wed Jun 18 2025 14:05:54 GMT-0400 (Eastern Daylight Time)
[debug] [2025-06-18T18:05:54.373Z] ----------------------------------------------------------------------
[debug] 
[debug] [2025-06-18T18:05:54.383Z] > command requires scopes: ["email","openid","https://www.googleapis.com/auth/cloudplatformprojects.readonly","https://www.googleapis.com/auth/firebase","https://www.googleapis.com/auth/cloud-platform"]
[debug] [2025-06-18T18:05:54.384Z] > authorizing via signed-in user (muhammad354621@gmail.com)
[info] 
     ######## #### ########  ######## ########     ###     ######  ########
     ##        ##  ##     ## ##       ##     ##  ##   ##  ##       ##
     ######    ##  ########  ######   ########  #########  ######  ######
     ##        ##  ##    ##  ##       ##     ## ##     ##       ## ##
     ##       #### ##     ## ######## ########  ##     ##  ######  ########

You're about to initialize a Firebase project in this directory:

  C:\Users\Muham\OneDrive - York University\Documents\my-site

[info] 
=== Project Setup
[info] 
[info] First, let's associate this project directory with a Firebase project.
[info] You can create multiple project aliases by running firebase use --add, 
[info] but for now we'll just set up a default project.
[info] 
[debug] [2025-06-18T18:06:28.908Z] Checked if tokens are valid: true, expires at: 1750273191011
[debug] [2025-06-18T18:06:28.909Z] Checked if tokens are valid: true, expires at: 1750273191011
[debug] [2025-06-18T18:06:28.912Z] >>> [apiv2][query] GET https://firebase.googleapis.com/v1beta1/projects pageSize=100
[debug] [2025-06-18T18:06:29.389Z] <<< [apiv2][status] GET https://firebase.googleapis.com/v1beta1/projects 200
[debug] [2025-06-18T18:06:29.389Z] <<< [apiv2][body] GET https://firebase.googleapis.com/v1beta1/projects [omitted]
[info] i  Using project first-project-72654 (first-project) 
[info] 
=== Hosting Setup
[debug] [2025-06-18T18:06:31.949Z] Checked if tokens are valid: true, expires at: 1750273191011
[debug] [2025-06-18T18:06:31.949Z] Checked if tokens are valid: true, expires at: 1750273191011
[debug] [2025-06-18T18:06:31.949Z] >>> [apiv2][query] GET https://firebase.googleapis.com/v1beta1/projects/first-project-72654 [none]
[debug] [2025-06-18T18:06:32.285Z] <<< [apiv2][status] GET https://firebase.googleapis.com/v1beta1/projects/first-project-72654 200
[debug] [2025-06-18T18:06:32.286Z] <<< [apiv2][body] GET https://firebase.googleapis.com/v1beta1/projects/first-project-72654 {"projectId":"first-project-72654","projectNumber":"977312070248","displayName":"first-project","name":"projects/first-project-72654","resources":{"hostingSite":"first-project-72654"},"state":"ACTIVE","etag":"1_333e3423-71bf-469f-adc2-c95525db6cdd"}
[info] 
[info] Your public directory is the folder (relative to your project directory) that
[info] will contain Hosting assets to be uploaded with firebase deploy. If you
[info] have a build process for your assets, use your build's output directory.
[info] 
